<?xml version="1.0" encoding="UTF-8"?>
<!-- Generated by org.testng.reporters.JUnitReportReporter -->
<testsuite hostname="DESKTOP-V39QH6A" failures="0" tests="1" name="project6.NewTest5" time="18.252" errors="0" timestamp="9 Mar 2021 17:08:33 GMT">
  <testcase classname="project6.NewTest5" name="f" time="18.252"/>
</testsuite> <!-- project6.NewTest5 -->
