<?xml version="1.0" encoding="UTF-8"?>
<!-- Generated by org.testng.reporters.JUnitReportReporter -->
<testsuite hostname="DESKTOP-V39QH6A" failures="0" tests="1" name="project6.NewTest6" time="11.875" errors="0" timestamp="9 Mar 2021 17:32:14 GMT">
  <testcase classname="project6.NewTest6" name="f" time="11.875"/>
</testsuite> <!-- project6.NewTest6 -->
