<?xml version="1.0" encoding="UTF-8"?>
<!-- Generated by org.testng.reporters.JUnitReportReporter -->
<testsuite hostname="DESKTOP-V39QH6A" failures="0" tests="1" name="zproject1.NewTest2" time="0.002" errors="0" timestamp="12 Mar 2021 07:08:34 GMT">
  <testcase classname="zproject1.NewTest2" name="f" time="0.002"/>
</testsuite> <!-- zproject1.NewTest2 -->
