<?xml version="1.0" encoding="UTF-8"?>
<!-- Generated by org.testng.reporters.JUnitReportReporter -->
<testsuite hostname="DESKTOP-V39QH6A" failures="0" tests="1" name="zproject1.NewTest3" time="10.733" errors="0" timestamp="20 Mar 2021 07:03:03 GMT">
  <testcase classname="zproject1.NewTest3" name="f" time="10.733"/>
</testsuite> <!-- zproject1.NewTest3 -->
