<?xml version="1.0" encoding="UTF-8"?>
<!-- Generated by org.testng.reporters.JUnitReportReporter -->
<testsuite hostname="DESKTOP-V39QH6A" failures="0" tests="1" name="project1123.NewTest4" time="21.124" errors="0" timestamp="8 Apr 2021 04:45:58 GMT">
  <testcase classname="project1123.NewTest4" name="f" time="21.124"/>
</testsuite> <!-- project1123.NewTest4 -->
